[29652:26940:0824/154800.709:INFO:components\enterprise\browser\controller\chrome_browser_cloud_management_controller.cc:202] No machine level policy manager exists.
[29652:26940:0824/154802.363:INFO:CONSOLE:9410] "LegacyDataMixin will be applied to all legacy elements.
Set `_legacyUndefinedCheck: true` on element class to enable.", source: https://www.youtube.com/s/_/ytmainappweb/_/js/k=ytmainappweb.kevlar_base.en_US.Ayog1_O3li8.es5.O/am=AAAI/d=0/br=1/rs=AGKMywFMyWBaBh6lNOqYTkWraJTZRHoLzQ (9410)
[29652:26940:0824/154802.893:WARNING:chrome\browser\media\prefs\capture_device_ranking.h:255] Can't initialize the value of media.audio_input.user_preference_ranking because media.default_audio_capture_device isn't registered or is empty
[29652:26940:0824/154802.894:WARNING:chrome\browser\media\prefs\capture_device_ranking.h:255] Can't initialize the value of media.video_input.user_preference_ranking because media.default_video_capture_Device isn't registered or is empty
[29652:26940:0824/154803.083:INFO:CONSOLE:0] "Banner not shown: beforeinstallpromptevent.preventDefault() called. The page must call beforeinstallpromptevent.prompt() to show the banner.", source: https://www.youtube.com/watch?v=4aFC2oC-wHA (0)
[29652:26940:0824/154806.738:INFO:CONSOLE:0] "The resource https://rr4---sn-n3cgv5qc5oq-jwwl.googlevideo.com/generate_204?conn2 was preloaded using link preload but not used within a few seconds from the window's load event. Please make sure it has an appropriate `as` value and it is preloaded intentionally.", source: https://www.youtube.com/watch?v=4aFC2oC-wHA (0)
[29652:26940:0824/154806.738:INFO:CONSOLE:0] "The resource https://i.ytimg.com/generate_204 was preloaded using link preload but not used within a few seconds from the window's load event. Please make sure it has an appropriate `as` value and it is preloaded intentionally.", source: https://www.youtube.com/watch?v=4aFC2oC-wHA (0)
[29652:26940:0824/154806.738:INFO:CONSOLE:0] "The resource https://rr4---sn-n3cgv5qc5oq-jwwl.googlevideo.com/generate_204 was preloaded using link preload but not used within a few seconds from the window's load event. Please make sure it has an appropriate `as` value and it is preloaded intentionally.", source: https://www.youtube.com/watch?v=4aFC2oC-wHA (0)
[29652:18888:0824/154807.293:ERROR:google_apis\gcm\engine\registration_request.cc:291] Registration response error message: DEPRECATED_ENDPOINT
[29652:26940:0824/154809.862:INFO:CONSOLE:0] "The resource https://rr4---sn-n3cgv5qc5oq-jwwl.googlevideo.com/generate_204?conn2 was preloaded using link preload but not used within a few seconds from the window's load event. Please make sure it has an appropriate `as` value and it is preloaded intentionally.", source: https://www.youtube.com/watch?v=4aFC2oC-wHA (0)
[29652:26940:0824/154809.862:INFO:CONSOLE:0] "The resource https://i.ytimg.com/generate_204 was preloaded using link preload but not used within a few seconds from the window's load event. Please make sure it has an appropriate `as` value and it is preloaded intentionally.", source: https://www.youtube.com/watch?v=4aFC2oC-wHA (0)
[29652:26940:0824/154809.862:INFO:CONSOLE:0] "The resource https://rr4---sn-n3cgv5qc5oq-jwwl.googlevideo.com/generate_204 was preloaded using link preload but not used within a few seconds from the window's load event. Please make sure it has an appropriate `as` value and it is preloaded intentionally.", source: https://www.youtube.com/watch?v=4aFC2oC-wHA (0)
[29652:26940:0824/154815.101:INFO:CONSOLE:0] "The resource https://rr4---sn-n3cgv5qc5oq-jwwl.googlevideo.com/generate_204?conn2 was preloaded using link preload but not used within a few seconds from the window's load event. Please make sure it has an appropriate `as` value and it is preloaded intentionally.", source: https://www.youtube.com/watch?v=4aFC2oC-wHA (0)
[29652:26940:0824/154815.101:INFO:CONSOLE:0] "The resource https://i.ytimg.com/generate_204 was preloaded using link preload but not used within a few seconds from the window's load event. Please make sure it has an appropriate `as` value and it is preloaded intentionally.", source: https://www.youtube.com/watch?v=4aFC2oC-wHA (0)
[29652:26940:0824/154815.101:INFO:CONSOLE:0] "The resource https://rr4---sn-n3cgv5qc5oq-jwwl.googlevideo.com/generate_204 was preloaded using link preload but not used within a few seconds from the window's load event. Please make sure it has an appropriate `as` value and it is preloaded intentionally.", source: https://www.youtube.com/watch?v=4aFC2oC-wHA (0)
[29652:26940:0824/154825.513:INFO:CONSOLE:0] "The resource https://rr4---sn-n3cgv5qc5oq-jwwl.googlevideo.com/generate_204?conn2 was preloaded using link preload but not used within a few seconds from the window's load event. Please make sure it has an appropriate `as` value and it is preloaded intentionally.", source: https://www.youtube.com/watch?v=4aFC2oC-wHA (0)
[29652:26940:0824/154825.513:INFO:CONSOLE:0] "The resource https://i.ytimg.com/generate_204 was preloaded using link preload but not used within a few seconds from the window's load event. Please make sure it has an appropriate `as` value and it is preloaded intentionally.", source: https://www.youtube.com/watch?v=4aFC2oC-wHA (0)
[29652:26940:0824/154825.513:INFO:CONSOLE:0] "The resource https://rr4---sn-n3cgv5qc5oq-jwwl.googlevideo.com/generate_204 was preloaded using link preload but not used within a few seconds from the window's load event. Please make sure it has an appropriate `as` value and it is preloaded intentionally.", source: https://www.youtube.com/watch?v=4aFC2oC-wHA (0)
[29652:18888:0824/154830.177:ERROR:google_apis\gcm\engine\registration_request.cc:291] Registration response error message: QUOTA_EXCEEDED
[29652:8184:0824/154830.758:INFO:chrome\browser\extensions\extension_garbage_collector.cc:184] Garbage collection for extensions on file thread is complete.
[29652:26940:0824/154849.402:INFO:CONSOLE:0] "The resource https://rr4---sn-n3cgv5qc5oq-jwwl.googlevideo.com/generate_204?conn2 was preloaded using link preload but not used within a few seconds from the window's load event. Please make sure it has an appropriate `as` value and it is preloaded intentionally.", source: https://www.youtube.com/watch?v=4aFC2oC-wHA (0)
[29652:26940:0824/154849.402:INFO:CONSOLE:0] "The resource https://i.ytimg.com/generate_204 was preloaded using link preload but not used within a few seconds from the window's load event. Please make sure it has an appropriate `as` value and it is preloaded intentionally.", source: https://www.youtube.com/watch?v=4aFC2oC-wHA (0)
[29652:26940:0824/154849.402:INFO:CONSOLE:0] "The resource https://rr4---sn-n3cgv5qc5oq-jwwl.googlevideo.com/generate_204 was preloaded using link preload but not used within a few seconds from the window's load event. Please make sure it has an appropriate `as` value and it is preloaded intentionally.", source: https://www.youtube.com/watch?v=4aFC2oC-wHA (0)
[29652:26940:0824/154859.101:INFO:CONSOLE:0] "The resource https://rr4---sn-n3cgv5qc5oq-jwwl.googlevideo.com/generate_204?conn2 was preloaded using link preload but not used within a few seconds from the window's load event. Please make sure it has an appropriate `as` value and it is preloaded intentionally.", source: https://www.youtube.com/watch?v=4aFC2oC-wHA (0)
[29652:26940:0824/154859.101:INFO:CONSOLE:0] "The resource https://i.ytimg.com/generate_204 was preloaded using link preload but not used within a few seconds from the window's load event. Please make sure it has an appropriate `as` value and it is preloaded intentionally.", source: https://www.youtube.com/watch?v=4aFC2oC-wHA (0)
[29652:26940:0824/154859.101:INFO:CONSOLE:0] "The resource https://rr4---sn-n3cgv5qc5oq-jwwl.googlevideo.com/generate_204 was preloaded using link preload but not used within a few seconds from the window's load event. Please make sure it has an appropriate `as` value and it is preloaded intentionally.", source: https://www.youtube.com/watch?v=4aFC2oC-wHA (0)
[28008:24552:0824/154900.049:WARNING:net\extras\sqlite\sqlite_persistent_store_backend_base.cc:176] Failed to post task from FlushAndNotifyInBackground@net\extras\sqlite\sqlite_persistent_store_backend_base.cc:226 to client_task_runner_.
[28008:24552:0824/154900.049:WARNING:net\extras\sqlite\sqlite_persistent_store_backend_base.cc:176] Failed to post task from FlushAndNotifyInBackground@net\extras\sqlite\sqlite_persistent_store_backend_base.cc:226 to client_task_runner_.
